<?xml version="1.0" encoding="UTF-8"?>
<!-- Generated by org.testng.reporters.JUnitReportReporter -->
<testsuite skipped="0" hostname="DESKTOP-UHPH01H" name="tests.TestsFidelity" tests="1" failures="0" timestamp="2020-05-10T23:47:19 IST" time="34.903" errors="0">
  <testcase name="TestOne" time="34.903" classname="tests.TestsFidelity"/>
  <system-out/>
</testsuite> <!-- tests.TestsFidelity -->
